<?xml version="1.0" encoding="UTF-8"?>
<!-- Generated by org.testng.reporters.JUnitXMLReporter -->
<testsuite ignored="0" hostname="DESKTOP-NK6SCSM" failures="0" tests="3" name="Test" time="38.277" errors="0" timestamp="2024-08-28T11:01:17 IST">
  <testcase classname="day1.new1" name="@AfterMethod qiutt" time="0.014">
    <failure type="java.lang.NullPointerException" message="Cannot invoke &amp;quot;org.openqa.selenium.WebDriver.quit()&amp;quot; because &amp;quot;this.driver&amp;quot; is null">
      <![CDATA[java.lang.NullPointerException: Cannot invoke "org.openqa.selenium.WebDriver.quit()" because "this.driver" is null
at day1.new1.qiutt(new1.java:75)
at java.base/java.util.ArrayList.forEach(ArrayList.java:1597)
... Removed 30 stack frames]]>
    </failure>
  </testcase> <!-- @AfterMethod qiutt -->
  <testcase classname="day1.new1" name="@AfterMethod qiutt" time="0.0">
    <skipped/>
  </testcase> <!-- @AfterMethod qiutt -->
  <testcase classname="day1.new1" name="@AfterMethod qiutt" time="0.0">
    <skipped/>
  </testcase> <!-- @AfterMethod qiutt -->
  <testcase classname="day1.new1" name="m1" time="25.963"/>
  <testcase classname="day1.new1" name="m2" time="0.0">
    <skipped/>
  </testcase> <!-- m2 -->
  <testcase classname="day1.new1" name="qiutt" time="0.0">
    <skipped/>
  </testcase> <!-- qiutt -->
</testsuite> <!-- Test -->
